15:55:48 **** Incremental Build of configuration release for project inet4.4 ****
make MODE=release -j4 all 
make[1]: Entering directory '/home/anjie/Desktop/omnetpp_workspace/inet4.4/src'
*** CCACHE not detected - using precompiled headers
*** COMPILING with:
clang++ -c  -O3 -DNDEBUG=1 -ffp-contract=off   -MMD -MP -MF .d  -fPIC  -Wno-deprecated-register -Wno-unused-function -fno-omit-frame-pointer -DHAVE_SWAPCONTEXT -DWITH_QTENV -DWITH_NETBUILDER -DWITH_OSG -fopenmp -Wno-overloaded-virtual -include inet/common/precompiled_release.h -DOMNETPPLIBS_IMPORT -DINET_EXPORT -I. -I/home/anjie/Desktop/omnetpp-6.0/include
*** LINKING with:
clang++ -shared -fPIC -o ../out/clang-release/src/libINET.so -Wl,--no-as-needed -Wl,--whole-archive  -Wl,--no-whole-archive -loppenvir -loppsim -ldl -lstdc++    -fuse-ld=lld -Wl,-rpath,/home/anjie/Desktop/omnetpp-6.0/lib -Wl,-rpath,/home/anjie/Desktop/omnetpp-6.0/tools/linux.x86_64/lib -Wl,-rpath,.  -Wl,--export-dynamic -L/home/anjie/Desktop/omnetpp-6.0/lib -fopenmp
Building...
make[1]: Nothing to be done for 'all-pch'.
make[1]: Leaving directory '/home/anjie/Desktop/omnetpp_workspace/inet4.4/src'
15:55:51 **** Incremental Build of configuration gcc-release for project veins-5.2 ****
make MODE=release -j4 all 
make[1]: Entering directory '/home/anjie/Desktop/omnetpp_workspace/veins-5.2/src'
make[1]: Nothing to be done for 'all'.
make[1]: Leaving directory '/home/anjie/Desktop/omnetpp_workspace/veins-5.2/src'
15:55:52 **** Incremental Build of configuration gcc-debug for project veins_inet ****
make MODE=debug all 
make[1]: Entering directory '/home/anjie/Desktop/omnetpp_workspace/veins-5.2/subprojects/veins_inet/src'
veins_inet/VeinsInetApplicationBase.cc
In file included from veins_inet/VeinsInetApplicationBase.cc:28:
In file included from ./veins_inet/VeinsInetApplicationBase.h:27:
./veins_inet/veins_inet.h:44:9: warning: WARNING: Unsupported INET version. Only INET version 4.2 and 4.3 are supported. [-W#pragma-messages]
#pragma message("WARNING: Unsupported INET version. Only INET version 4.2 and 4.3 are supported.")
        ^
1 warning generated.
veins_inet/VeinsInetManager.cc
In file included from veins_inet/VeinsInetManager.cc:23:
In file included from ./veins_inet/VeinsInetManager.h:25:
./veins_inet/veins_inet.h:44:9: warning: WARNING: Unsupported INET version. Only INET version 4.2 and 4.3 are supported. [-W#pragma-messages]
#pragma message("WARNING: Unsupported INET version. Only INET version 4.2 and 4.3 are supported.")
        ^
1 warning generated.
veins_inet/VeinsInetManagerBase.cc
In file included from veins_inet/VeinsInetManagerBase.cc:23:
In file included from ./veins_inet/VeinsInetManagerBase.h:25:
./veins_inet/veins_inet.h:44:9: warning: WARNING: Unsupported INET version. Only INET version 4.2 and 4.3 are supported. [-W#pragma-messages]
#pragma message("WARNING: Unsupported INET version. Only INET version 4.2 and 4.3 are supported.")
        ^
1 warning generated.
veins_inet/VeinsInetManagerForker.cc
In file included from veins_inet/VeinsInetManagerForker.cc:23:
In file included from ./veins_inet/VeinsInetManagerForker.h:25:
./veins_inet/veins_inet.h:44:9: warning: WARNING: Unsupported INET version. Only INET version 4.2 and 4.3 are supported. [-W#pragma-messages]
#pragma message("WARNING: Unsupported INET version. Only INET version 4.2 and 4.3 are supported.")
        ^
1 warning generated.
veins_inet/VeinsInetMobility.cc
In file included from veins_inet/VeinsInetMobility.cc:28:
In file included from ./veins_inet/VeinsInetMobility.h:36:
./veins_inet/veins_inet.h:44:9: warning: WARNING: Unsupported INET version. Only INET version 4.2 and 4.3 are supported. [-W#pragma-messages]
#pragma message("WARNING: Unsupported INET version. Only INET version 4.2 and 4.3 are supported.")
        ^
1 warning generated.
veins_inet/VeinsInetSampleApplication.cc
In file included from veins_inet/VeinsInetSampleApplication.cc:23:
In file included from ./veins_inet/VeinsInetSampleApplication.h:25:
./veins_inet/veins_inet.h:44:9: warning: WARNING: Unsupported INET version. Only INET version 4.2 and 4.3 are supported. [-W#pragma-messages]
#pragma message("WARNING: Unsupported INET version. Only INET version 4.2 and 4.3 are supported.")
        ^
1 warning generated.
veins_inet/VeinsInetSampleMessage_m.cc
Creating shared library: ../out/clang-debug/src/libveins_inet_dbg.so
make[1]: Leaving directory '/home/anjie/Desktop/omnetpp_workspace/veins-5.2/subprojects/veins_inet/src'
16:08:02 **** Incremental Build of configuration release for project inet4.4 ****
make MODE=release -j4 all 
make[1]: Entering directory '/home/anjie/Desktop/omnetpp_workspace/inet4.4/src'
*** CCACHE not detected - using precompiled headers
*** COMPILING with:
clang++ -c  -O3 -DNDEBUG=1 -ffp-contract=off   -MMD -MP -MF .d  -fPIC  -Wno-deprecated-register -Wno-unused-function -fno-omit-frame-pointer -DHAVE_SWAPCONTEXT -DWITH_QTENV -DWITH_NETBUILDER -DWITH_OSG -fopenmp -Wno-overloaded-virtual -include inet/common/precompiled_release.h -DOMNETPPLIBS_IMPORT -DINET_EXPORT -I. -I/home/anjie/Desktop/omnetpp-6.0/include
*** LINKING with:
clang++ -shared -fPIC -o ../out/clang-release/src/libINET.so -Wl,--no-as-needed -Wl,--whole-archive  -Wl,--no-whole-archive -loppenvir -loppsim -ldl -lstdc++    -fuse-ld=lld -Wl,-rpath,/home/anjie/Desktop/omnetpp-6.0/lib -Wl,-rpath,/home/anjie/Desktop/omnetpp-6.0/tools/linux.x86_64/lib -Wl,-rpath,.  -Wl,--export-dynamic -L/home/anjie/Desktop/omnetpp-6.0/lib -fopenmp
Building...
make[1]: Nothing to be done for 'all-pch'.
make[1]: Leaving directory '/home/anjie/Desktop/omnetpp_workspace/inet4.4/src'
16:08:05 **** Incremental Build of configuration gcc-release for project veins-5.2 ****
make MODE=release -j4 all 
make[1]: Entering directory '/home/anjie/Desktop/omnetpp_workspace/veins-5.2/src'
make[1]: Nothing to be done for 'all'.
make[1]: Leaving directory '/home/anjie/Desktop/omnetpp_workspace/veins-5.2/src'
16:08:07 **** Incremental Build of configuration gcc-release for project veins_inet ****
make MODE=release all 
make[1]: Entering directory '/home/anjie/Desktop/omnetpp_workspace/veins-5.2/subprojects/veins_inet/src'
veins_inet/VeinsInetApplicationBase.cc
In file included from veins_inet/VeinsInetApplicationBase.cc:28:
In file included from ./veins_inet/VeinsInetApplicationBase.h:27:
./veins_inet/veins_inet.h:44:9: warning: WARNING: Unsupported INET version. Only INET version 4.2 and 4.3 are supported. [-W#pragma-messages]
#pragma message("WARNING: Unsupported INET version. Only INET version 4.2 and 4.3 are supported.")
        ^
1 warning generated.
veins_inet/VeinsInetManager.cc
In file included from veins_inet/VeinsInetManager.cc:23:
In file included from ./veins_inet/VeinsInetManager.h:25:
./veins_inet/veins_inet.h:44:9: warning: WARNING: Unsupported INET version. Only INET version 4.2 and 4.3 are supported. [-W#pragma-messages]
#pragma message("WARNING: Unsupported INET version. Only INET version 4.2 and 4.3 are supported.")
        ^
1 warning generated.
veins_inet/VeinsInetManagerBase.cc
In file included from veins_inet/VeinsInetManagerBase.cc:23:
In file included from ./veins_inet/VeinsInetManagerBase.h:25:
./veins_inet/veins_inet.h:44:9: warning: WARNING: Unsupported INET version. Only INET version 4.2 and 4.3 are supported. [-W#pragma-messages]
#pragma message("WARNING: Unsupported INET version. Only INET version 4.2 and 4.3 are supported.")
        ^
1 warning generated.
veins_inet/VeinsInetManagerForker.cc
In file included from veins_inet/VeinsInetManagerForker.cc:23:
In file included from ./veins_inet/VeinsInetManagerForker.h:25:
./veins_inet/veins_inet.h:44:9: warning: WARNING: Unsupported INET version. Only INET version 4.2 and 4.3 are supported. [-W#pragma-messages]
#pragma message("WARNING: Unsupported INET version. Only INET version 4.2 and 4.3 are supported.")
        ^
1 warning generated.
veins_inet/VeinsInetMobility.cc
In file included from veins_inet/VeinsInetMobility.cc:28:
In file included from ./veins_inet/VeinsInetMobility.h:36:
./veins_inet/veins_inet.h:44:9: warning: WARNING: Unsupported INET version. Only INET version 4.2 and 4.3 are supported. [-W#pragma-messages]
#pragma message("WARNING: Unsupported INET version. Only INET version 4.2 and 4.3 are supported.")
        ^
1 warning generated.
veins_inet/VeinsInetSampleApplication.cc
In file included from veins_inet/VeinsInetSampleApplication.cc:23:
In file included from ./veins_inet/VeinsInetSampleApplication.h:25:
./veins_inet/veins_inet.h:44:9: warning: WARNING: Unsupported INET version. Only INET version 4.2 and 4.3 are supported. [-W#pragma-messages]
#pragma message("WARNING: Unsupported INET version. Only INET version 4.2 and 4.3 are supported.")
        ^
1 warning generated.
veins_inet/VeinsInetSampleMessage_m.cc
Creating shared library: ../out/clang-release/src/libveins_inet.so
make[1]: Leaving directory '/home/anjie/Desktop/omnetpp_workspace/veins-5.2/subprojects/veins_inet/src'
16:08:18 **** Incremental Build of configuration gcc-release for project simu5g ****
make MODE=release all 
make[1]: Entering directory '/home/anjie/Desktop/omnetpp_workspace/simu5g/src'
apps/alert/AlertReceiver.cc
apps/alert/AlertSender.cc
apps/burst/BurstReceiver.cc
apps/burst/BurstSender.cc
apps/cbr/CbrReceiver.cc
apps/cbr/CbrSender.cc
apps/d2dMultihop/MultihopD2D.cc
apps/d2dMultihop/eventGenerator/EventGenerator.cc
apps/d2dMultihop/statistics/MultihopD2DStatistics.cc
apps/mec/DeviceApp/DeviceApp.cc
apps/mec/DeviceApp/DeviceAppMessages/Serializers/DeviceAppPacketSerializer.cc
apps/mec/MecApps/MecAppBase.cc
apps/mec/MecApps/MecRequestBackgroundApp/MecRequestBackgroundApp.cc
apps/mec/MecApps/MecRequestBackgroundGeneratorApp/MecRequestBackgroundGeneratorApp.cc
apps/mec/MecApps/MecRequestForegroundApp/MecRequestForegroundApp.cc
apps/mec/WarningAlert/MECWarningAlertApp.cc
apps/mec/WarningAlert/UEWarningAlertApp.cc
apps/mec/WarningAlert/packets/Serializers/WarningAlertPacketSerializer.cc
apps/mecRequestResponseApp/MecRequestApp.cc
apps/mecRequestResponseApp/MecResponseApp.cc
apps/vod/VoDUDPClient.cc
apps/vod/VoDUDPServer.cc
apps/voip/VoipPacketSerializer.cc
apps/voip/VoIPReceiver.cc
apps/voip/VoIPSender.cc
common/LteCommon.cc
common/LteControlInfo.cc
common/binder/Binder.cc
common/blerCurves/PhyPisaData.cc
common/carrierAggregation/ComponentCarrier.cc
common/cellInfo/CellInfo.cc
common/timer/TTimer.cc
common/utils/utlis.cc
corenetwork/gtp/GtpUser.cc
corenetwork/gtp/GtpUserMsgSerializer.cc
corenetwork/gtp/GtpUserX2.cc
corenetwork/statsCollector/BaseStationStatsCollector.cc
corenetwork/statsCollector/UeStatsCollector.cc
corenetwork/statsCollector/L2Measures/L2MeasBase.cc
corenetwork/trafficFlowFilter/TrafficFlowFilter.cc
nodes/ExtCell.cc
nodes/backgroundCell/BackgroundCellAmc.cc
nodes/backgroundCell/BackgroundCellAmcNr.cc
nodes/backgroundCell/BackgroundCellChannelModel.cc
nodes/backgroundCell/BackgroundCellTrafficManager.cc
nodes/backgroundCell/BackgroundScheduler.cc
nodes/mec/MECOrchestrator/MecOrchestrator.cc
nodes/mec/MECOrchestrator/ApplicationDescriptor/ApplicationDescriptor.cc
nodes/mec/MECPlatform/EventNotification/CircleNotificationEvent.cc
nodes/mec/MECPlatform/EventNotification/EventNotification.cc
nodes/mec/MECPlatform/MECServices/LocationService/LocationService.cc
nodes/mec/MECPlatform/MECServices/LocationService/resources/CircleNotificationSubscription.cc
nodes/mec/MECPlatform/MECServices/LocationService/resources/CurrentLocation.cc
nodes/mec/MECPlatform/MECServices/LocationService/resources/LocationApiDefs.cc
nodes/mec/MECPlatform/MECServices/LocationService/resources/LocationInfo.cc
nodes/mec/MECPlatform/MECServices/LocationService/resources/LocationResource.cc
nodes/mec/MECPlatform/MECServices/LocationService/resources/TerminalLocation.cc
nodes/mec/MECPlatform/MECServices/LocationService/resources/User.cc
nodes/mec/MECPlatform/MECServices/LocationService/resources/UserInfo.cc
nodes/mec/MECPlatform/MECServices/MECServiceBase/MecServiceBase.cc
nodes/mec/MECPlatform/MECServices/MECServiceBase/SocketManager.cc
nodes/mec/MECPlatform/MECServices/RNIService/RNIService.cc
nodes/mec/MECPlatform/MECServices/RNIService/resources/AssociateId.cc
nodes/mec/MECPlatform/MECServices/RNIService/resources/CellUEInfo.cc
nodes/mec/MECPlatform/MECServices/RNIService/resources/Ecgi.cc
nodes/mec/MECPlatform/MECServices/RNIService/resources/L2Meas.cc
nodes/mec/MECPlatform/MECServices/RNIService/resources/L2MeasSubscription.cc
In file included from nodes/mec/MECPlatform/MECServices/RNIService/resources/L2MeasSubscription.cc:12:
./nodes/mec/MECPlatform/MECServices/RNIService/resources/L2MeasSubscription.h:36:22: warning: 'fromJson' overrides a member function but is not marked 'override' [-Winconsistent-missing-override]
        virtual bool fromJson(const nlohmann::ordered_json& json);
                     ^
./nodes/mec/MECPlatform/MECServices/Resources/SubscriptionBase.h:43:22: note: overridden virtual function is here
        virtual bool fromJson(const nlohmann::ordered_json& json);
                     ^
1 warning generated.
nodes/mec/MECPlatform/MECServices/RNIService/resources/MeasRepUeSubscription.cc
nodes/mec/MECPlatform/MECServices/RNIService/resources/Plmn.cc
nodes/mec/MECPlatform/MECServices/RNIService/resources/RNICellInfo.cc
nodes/mec/MECPlatform/MECServices/Resources/AttributeBase.cc
nodes/mec/MECPlatform/MECServices/Resources/SubscriptionBase.cc
nodes/mec/MECPlatform/MECServices/Resources/TimeStamp.cc
nodes/mec/MECPlatform/MECServices/packets/AperiodicSubscriptionTimer.cc
nodes/mec/MECPlatform/MECServices/packets/HttpRequestMessage/HttpRequestMessage.cc
nodes/mec/MECPlatform/MECServices/packets/HttpRequestMessage/Serializers/HttpRequestMessageSerializer.cc
nodes/mec/MECPlatform/MECServices/packets/HttpResponseMessage/HttpResponseMessage.cc
nodes/mec/MECPlatform/MECServices/packets/HttpResponseMessage/Serializers/HttpResponseMessageSerializer.cc
nodes/mec/MECPlatform/ServiceRegistry/ServiceRegistry.cc
nodes/mec/MECPlatform/ServiceRegistry/resources/CategoryRef.cc
nodes/mec/MECPlatform/ServiceRegistry/resources/EndPointInfo.cc
nodes/mec/MECPlatform/ServiceRegistry/resources/ServiceInfo.cc
nodes/mec/MECPlatform/ServiceRegistry/resources/TransportInfo.cc
nodes/mec/MECPlatformManager/MecPlatformManager.cc
nodes/mec/UALCMP/UALCMPApp.cc
nodes/mec/UALCMP/UALCMPMessages/CreateContextAppAckMessage.cc
nodes/mec/UALCMP/UALCMPMessages/CreateContextAppMessage.cc
nodes/mec/VirtualisationInfrastructureManager/VirtualisationInfrastructureManager.cc
nodes/mec/utils/httpUtils/httpUtils.cc
stack/backgroundTrafficGenerator/BackgroundTrafficManager.cc
stack/backgroundTrafficGenerator/generators/TrafficGeneratorBase.cc
stack/backgroundTrafficGenerator/generators/TrafficGeneratorCbr.cc
stack/compManager/LteCompManagerBase.cc
stack/compManager/X2CompMsg.cc
stack/compManager/compManagerProportional/LteCompManagerProportional.cc
stack/d2dModeSelection/D2DModeSelectionBase.cc
stack/d2dModeSelection/d2dModeSelectionBestCqi/D2DModeSelectionBestCqi.cc
stack/dualConnectivityManager/DualConnectivityManager.cc
stack/dualConnectivityManager/X2DualConnectivityDataMsg.cc
stack/handoverManager/LteHandoverManager.cc
stack/handoverManager/X2HandoverControlMsg.cc
stack/ip2nic/IP2Nic.cc
stack/ip2nic/SplitBearersTable.cc
stack/mac/allocator/LteAllocationModule.cc
stack/mac/allocator/LteAllocationModuleFrequencyReuse.cc
stack/mac/amc/AmcPilotAuto.cc
stack/mac/amc/AmcPilotD2D.cc
stack/mac/amc/LteAmc.cc
stack/mac/amc/LteMcs.cc
stack/mac/amc/NRAmc.cc
stack/mac/amc/NRMcs.cc
stack/mac/amc/UserTxParams.cc
stack/mac/buffer/LteMacBuffer.cc
stack/mac/buffer/LteMacQueue.cc
stack/mac/buffer/harq/LteHarqBufferRx.cc
stack/mac/buffer/harq/LteHarqBufferTx.cc
stack/mac/buffer/harq/LteHarqProcessRx.cc
stack/mac/buffer/harq/LteHarqProcessTx.cc
stack/mac/buffer/harq/LteHarqUnitTx.cc
stack/mac/buffer/harq_d2d/LteHarqBufferMirrorD2D.cc
stack/mac/buffer/harq_d2d/LteHarqBufferRxD2D.cc
stack/mac/buffer/harq_d2d/LteHarqBufferTxD2D.cc
stack/mac/buffer/harq_d2d/LteHarqProcessMirrorD2D.cc
stack/mac/buffer/harq_d2d/LteHarqProcessRxD2D.cc
stack/mac/buffer/harq_d2d/LteHarqProcessTxD2D.cc
stack/mac/buffer/harq_d2d/LteHarqUnitTxD2D.cc
stack/mac/conflict_graph/ConflictGraph.cc
stack/mac/conflict_graph/DistanceBasedConflictGraph.cc
stack/mac/layer/LteMacBase.cc
stack/mac/layer/LteMacEnb.cc
stack/mac/layer/LteMacEnbD2D.cc
stack/mac/layer/LteMacUe.cc
stack/mac/layer/LteMacUeD2D.cc
stack/mac/layer/NRMacGnb.cc
stack/mac/layer/NRMacUe.cc
stack/mac/packet/LteMacPdu.cc
stack/mac/scheduler/LcgScheduler.cc
stack/mac/scheduler/LteScheduler.cc
stack/mac/scheduler/LteSchedulerEnb.cc
stack/mac/scheduler/LteSchedulerEnbDl.cc
stack/mac/scheduler/LteSchedulerEnbUl.cc
stack/mac/scheduler/LteSchedulerUeUl.cc
stack/mac/scheduler/NRSchedulerGnbUl.cc
stack/mac/scheduling_modules/LteAllocatorBestFit.cc
stack/mac/scheduling_modules/LteDrr.cc
stack/mac/scheduling_modules/LteMaxCi.cc
stack/mac/scheduling_modules/LteMaxCiComp.cc
stack/mac/scheduling_modules/LteMaxCiMultiband.cc
stack/mac/scheduling_modules/LteMaxCiOptMB.cc
stack/mac/scheduling_modules/LtePf.cc
stack/packetFlowManager/PacketFlowManagerBase.cc
stack/packetFlowManager/PacketFlowManagerEnb.cc
stack/packetFlowManager/PacketFlowManagerEnb.cc:1075:30: warning: more '%' conversions than data arguments [-Wformat]
       throw cRuntimeError("%s::getDataVolume - Wrong direction");
                            ~^
stack/packetFlowManager/PacketFlowManagerEnb.cc:1088:29: warning: more '%' conversions than data arguments [-Wformat]
      throw cRuntimeError("%s::getDataVolume - Wrong direction");
                           ~^
2 warnings generated.
stack/packetFlowManager/PacketFlowManagerUe.cc
stack/pdcp_rrc/ConnectionsTable.cc
stack/pdcp_rrc/layer/LtePdcpRrc.cc
stack/pdcp_rrc/layer/LtePdcpRrc.cc:354:87: warning: format specifies type 'int' but the argument has type 'inet::units::value<long, inet::units::intscale<inet::units::units::b, 1, 8> >::value_type' (aka 'long') [-Wformat]
            throw cRuntimeError("Size of compressed header must not be less than %i", MIN_COMPRESSED_HEADER_SIZE.get());
                                                                                 ~~   ^~~~~~~~~~~~~~~~~~~~~~~~~~~~~~~~
                                                                                 %li
stack/pdcp_rrc/layer/LtePdcpRrc.cc:32:36: note: expanded from macro 'MIN_COMPRESSED_HEADER_SIZE'
#define MIN_COMPRESSED_HEADER_SIZE B(3)
                                   ^
1 warning generated.
stack/pdcp_rrc/layer/LtePdcpRrcEnbD2D.cc
stack/pdcp_rrc/layer/LtePdcpRrcUeD2D.cc
stack/pdcp_rrc/layer/NRPdcpRrcEnb.cc
stack/pdcp_rrc/layer/NRPdcpRrcUe.cc
stack/pdcp_rrc/layer/entity/LteRxPdcpEntity.cc
stack/pdcp_rrc/layer/entity/LteTxPdcpEntity.cc
stack/pdcp_rrc/layer/entity/NRRxPdcpEntity.cc
stack/pdcp_rrc/layer/entity/NRTxPdcpEntity.cc
stack/phy/ChannelModel/LteChannelModel.cc
stack/phy/ChannelModel/LteDummyChannelModel.cc
stack/phy/ChannelModel/LteRealisticChannelModel.cc
stack/phy/ChannelModel/NRChannelModel.cc
stack/phy/ChannelModel/NRChannelModel_3GPP38_901.cc
stack/phy/das/DasFilter.cc
stack/phy/das/RemoteAntennaSet.cc
stack/phy/feedback/LteDlFeedbackGenerator.cc
stack/phy/feedback/LteFeedback.cc
stack/phy/feedback/LteFeedbackComputation.cc
stack/phy/feedback/LteFeedbackComputationRealistic.cc
stack/phy/feedback/LteSummaryBuffer.cc
stack/phy/feedback/LteSummaryFeedback.cc
stack/phy/feedback/testFeedback/FeedbackTester.cc
stack/phy/layer/LtePhyBase.cc
stack/phy/layer/LtePhyEnb.cc
stack/phy/layer/LtePhyEnbD2D.cc
stack/phy/layer/LtePhyUe.cc
stack/phy/layer/LtePhyUeD2D.cc
stack/phy/layer/NRPhyUe.cc
stack/phy/packet/LteAirFrame.cc
stack/phy/packet/LteFeedbackPkt.cc
stack/rlc/LteRlcMux.cc
stack/rlc/am/LteRlcAm.cc
stack/rlc/am/buffer/AmRxQueue.cc
stack/rlc/am/buffer/AmTxQueue.cc
stack/rlc/am/packet/LteRlcAmPdu.cc
stack/rlc/packet/LteRlcDataPdu.cc
stack/rlc/tm/LteRlcTm.cc
stack/rlc/um/LteRlcUm.cc
stack/rlc/um/LteRlcUmD2D.cc
stack/rlc/um/entity/UmRxEntity.cc
stack/rlc/um/entity/UmTxEntity.cc
world/radio/ChannelAccess.cc
world/radio/ChannelControl.cc
world/radio/LteChannelControl.cc
x2/LteX2Manager.cc
x2/X2AppClient.cc
x2/X2AppServer.cc
x2/packet/LteX2MsgSerializer.cc
apps/alert/AlertPacket_m.cc
apps/burst/BurstPacket_m.cc
apps/cbr/CbrPacket_m.cc
apps/d2dMultihop/MultihopD2DPacket_m.cc
apps/d2dMultihop/TrickleTimerMsg_m.cc
apps/mec/DeviceApp/DeviceAppMessages/DeviceAppPacket_m.cc
apps/mec/WarningAlert/packets/WarningAlertPacket_m.cc
apps/mecRequestResponseApp/packets/MecRequestResponsePacket_m.cc
apps/mecRequestResponseApp/packets/MigrationTimer_m.cc
apps/vod/M1Message_m.cc
apps/vod/VoDPacket_m.cc
apps/voip/VoipPacket_m.cc
common/LteCommon_m.cc
common/LteCommonEnum_m.cc
common/LteControlInfo_m.cc
common/timer/TMultiTimerMsg_m.cc
common/timer/TTimerMsg_m.cc
corenetwork/gtp/GtpUserMsg_m.cc
corenetwork/trafficFlowFilter/TftControlInfo_m.cc
nodes/mec/MECOrchestrator/MECOMessages/MECOrchestratorMessages_m.cc
nodes/mec/MECPlatform/MEAppPacket_m.cc
nodes/mec/MECPlatform/MECPackets_m.cc
nodes/mec/MECPlatform/MECServices/packets/AperiodicSubscriptionTimer_m.cc
nodes/mec/MECPlatform/MECServices/packets/HttpMessages_m.cc
nodes/mec/UALCMP/UALCMPMessages/UALCMPMessages_m.cc
stack/backgroundTrafficGenerator/ActiveUeNotification_m.cc
stack/backgroundTrafficGenerator/generators/RtxNotification_m.cc
stack/d2dModeSelection/D2DModeSwitchNotification_m.cc
stack/mac/packet/LteHarqFeedback_m.cc
stack/mac/packet/LteMacPdu_m.cc
stack/mac/packet/LteMacSduRequest_m.cc
stack/mac/packet/LteRac_m.cc
stack/mac/packet/LteSchedulingGrant_m.cc
stack/pdcp_rrc/packet/LtePdcpPdu_m.cc
stack/pdcp_rrc/packet/LteRohcPdu_m.cc
stack/phy/packet/AirFrame_m.cc
stack/phy/packet/LteAirFrame_m.cc
stack/phy/packet/LteFeedbackPkt_m.cc
stack/rlc/LteRlcDefs_m.cc
stack/rlc/am/packet/LteRlcAmPdu_m.cc
stack/rlc/am/packet/LteRlcAmSdu_m.cc
stack/rlc/packet/LteRlcDataPdu_m.cc
stack/rlc/packet/LteRlcPdu_m.cc
stack/rlc/packet/LteRlcSdu_m.cc
x2/packet/LteX2Message_m.cc
x2/packet/X2ControlInfo_m.cc
Creating shared library: ../out/clang-release/src/libsimu5g.so
make[1]: Leaving directory '/home/anjie/Desktop/omnetpp_workspace/simu5g/src'
